{"level":"warn","message":"User countaleatorio@gmail.com password invalid"}
{"level":"error","message":"Error conneting to the DB: MongooseServerSelectionError: Server selection timed out after 5000 ms"}
{"level":"warn","message":"User couontaleatorio@gmail.com already exists"}
{"level":"warn","message":"User couontaleatorio@gmail.com already exists"}
{"level":"warn","message":"User couontaleatorio@gmail.com already exists"}
{"level":"warn","message":"User couontaleatorio@gmail.com already exists"}
{"level":"warn","message":"User countaleatorio@gmail.com already exists"}
{"level":"warn","message":"User countaleatorio@gmail.com already exists"}
{"level":"warn","message":"User countaleatorio@gmail.com already exists"}
{"level":"warn","message":"User countaleatorio@gmail.com already exists"}
{"level":"warn","message":"User countaleatorio@gmail.com already exists"}
{"level":"warn","message":"User countaleatorio@gmail.com already exists"}
{"level":"warn","message":"User countaleatorio@gmail.com already exists"}
{"level":"warn","message":"User countaleatorio@gmail.com already exists"}
{"level":"warn","message":"User countaleatorio@gmail.com already exists"}
{"level":"warn","message":"Invalid phone number: 3232"}
{"level":"warn","message":"Invalid phone number: 3232"}
{"level":"warn","message":"User countaleatorio@gmail.com already exists"}
{"level":"warn","message":"Invalid phone number: 2121"}
{"level":"warn","message":"Invalid phone number: 12"}
{"level":"warn","message":"User ndkjds@sa not found"}
{"level":"warn","message":"User sas@d.sa not found"}
{"level":"warn","message":"User saa@sa.sa not found"}
{"level":"warn","message":"User sa@sa.a already exists"}
{"level":"warn","message":"User jkssd@sa.sa already exists"}
{"level":"warn","message":"User sa@sa.sa already exists"}
{"level":"error","message":"Error at getting new item: CastError: Cast to ObjectId failed for value \"0\" (type string) at path \"_id\" for model \"carts\""}
{"level":"error","message":"Error at getting new item: CastError: Cast to ObjectId failed for value \"1\" (type string) at path \"_id\" for model \"carts\""}
{"level":"error","message":"Error at getting new item: CastError: Cast to ObjectId failed for value \"undefined\" (type string) at path \"_id\" for model \"carts\""}
{"level":"error","message":"Error at getting new item: CastError: Cast to ObjectId failed for value \"undefined\" (type string) at path \"_id\" for model \"carts\""}
{"level":"error","message":"Error at getting new item: CastError: Cast to ObjectId failed for value \"0\" (type string) at path \"_id\" for model \"carts\""}
{"level":"error","message":"Error at getting new item: CastError: Cast to ObjectId failed for value \"1\" (type string) at path \"_id\" for model \"carts\""}
{"level":"error","message":"Error at getting new item: CastError: Cast to ObjectId failed for value \"1\" (type string) at path \"_id\" for model \"carts\""}
{"level":"error","message":"Error at getting new item: CastError: Cast to ObjectId failed for value \"0\" (type string) at path \"_id\" for model \"carts\""}
{"level":"error","message":"Error at getting new item: CastError: Cast to ObjectId failed for value \"[object Object]\" (type string) at path \"_id\" for model \"carts\""}
{"level":"error","message":"Error conneting to the DB: MongooseServerSelectionError: Could not connect to any servers in your MongoDB Atlas cluster. One common reason is that you're trying to access the database from an IP that isn't whitelisted. Make sure your current IP address is on your Atlas cluster's IP whitelist: https://docs.atlas.mongodb.com/security-whitelist/"}
{"level":"error","message":"Error conneting to the DB: MongooseServerSelectionError: Could not connect to any servers in your MongoDB Atlas cluster. One common reason is that you're trying to access the database from an IP that isn't whitelisted. Make sure your current IP address is on your Atlas cluster's IP whitelist: https://docs.atlas.mongodb.com/security-whitelist/"}
